app/build/intermediates/manifest_merge_blame_file/debug/manifest-merger-blame-debug-report.txt
1<?xml version="1.0" encoding="utf-8"?>
2<manifest xmlns:android="http://schemas.android.com/apk/res/android"
3    package="com.powerfinance.app"
4    android:versionCode="1"
5    android:versionName="1.0" >
6
7    <uses-sdk
8        android:minSdkVersion="24"
9        android:targetSdkVersion="34" />
10
11    <uses-permission android:name="android.permission.INTERNET" />
11-->[com.google.android.gms:play-services-measurement-api:22.0.1] AndroidManifest.xml:22:5-67
11-->[com.google.android.gms:play-services-measurement-api:22.0.1] AndroidManifest.xml:22:22-64
12    <uses-permission android:name="android.permission.ACCESS_NETWORK_STATE" />
12-->[com.google.android.gms:play-services-measurement-api:22.0.1] AndroidManifest.xml:23:5-79
12-->[com.google.android.gms:play-services-measurement-api:22.0.1] AndroidManifest.xml:23:22-76
13    <uses-permission android:name="android.permission.WAKE_LOCK" />
13-->[com.google.android.gms:play-services-measurement-api:22.0.1] AndroidManifest.xml:24:5-68
13-->[com.google.android.gms:play-services-measurement-api:22.0.1] AndroidManifest.xml:24:22-65
14    <uses-permission android:name="com.google.android.gms.permission.AD_ID" />
14-->[com.google.android.gms:play-services-measurement-api:22.0.1] AndroidManifest.xml:25:5-79
14-->[com.google.android.gms:play-services-measurement-api:22.0.1] AndroidManifest.xml:25:22-76
15    <uses-permission android:name="android.permission.ACCESS_ADSERVICES_ATTRIBUTION" />
15-->[com.google.android.gms:play-services-measurement-api:22.0.1] AndroidManifest.xml:26:5-88
15-->[com.google.android.gms:play-services-measurement-api:22.0.1] AndroidManifest.xml:26:22-85
16    <uses-permission android:name="android.permission.ACCESS_ADSERVICES_AD_ID" />
16-->[com.google.android.gms:play-services-measurement-api:22.0.1] AndroidManifest.xml:27:5-82
16-->[com.google.android.gms:play-services-measurement-api:22.0.1] AndroidManifest.xml:27:22-79
17    <uses-permission android:name="com.google.android.finsky.permission.BIND_GET_INSTALL_REFERRER_SERVICE" />
17-->[com.google.android.gms:play-services-measurement:22.0.1] AndroidManifest.xml:26:5-110
17-->[com.google.android.gms:play-services-measurement:22.0.1] AndroidManifest.xml:26:22-107
18
19    <permission
19-->[androidx.core:core:1.13.0] AndroidManifest.xml:22:5-24:47
20        android:name="com.powerfinance.app.DYNAMIC_RECEIVER_NOT_EXPORTED_PERMISSION"
20-->[androidx.core:core:1.13.0] AndroidManifest.xml:23:9-81
21        android:protectionLevel="signature" />
21-->[androidx.core:core:1.13.0] AndroidManifest.xml:24:9-44
22
23    <uses-permission android:name="com.powerfinance.app.DYNAMIC_RECEIVER_NOT_EXPORTED_PERMISSION" />
23-->[androidx.core:core:1.13.0] AndroidManifest.xml:26:5-97
23-->[androidx.core:core:1.13.0] AndroidManifest.xml:26:22-94
24
25    <application
25-->src\main\AndroidManifest.xml:5:5-35:19
26        android:name="com.powerfinance.app.App"
26-->src\main\AndroidManifest.xml:6:9-28
27        android:allowBackup="true"
27-->src\main\AndroidManifest.xml:7:9-35
28        android:appComponentFactory="androidx.core.app.CoreComponentFactory"
28-->[androidx.core:core:1.13.0] AndroidManifest.xml:28:18-86
29        android:debuggable="true"
30        android:extractNativeLibs="false"
31        android:icon="@mipmap/logo"
31-->src\main\AndroidManifest.xml:8:9-36
32        android:label="@string/app_name"
32-->src\main\AndroidManifest.xml:9:9-41
33        android:roundIcon="@mipmap/ic_launcher_round"
33-->src\main\AndroidManifest.xml:10:9-54
34        android:supportsRtl="true"
34-->src\main\AndroidManifest.xml:11:9-35
35        android:theme="@style/Theme.PowerFinance" >
35-->src\main\AndroidManifest.xml:12:9-50
36        <activity
36-->src\main\AndroidManifest.xml:13:31-14:40
37            android:name="com.powerfinance.app.view.RegisterActivity"
37-->src\main\AndroidManifest.xml:13:41-78
38            android:exported="false" />
38-->src\main\AndroidManifest.xml:14:13-37
39        <activity
39-->src\main\AndroidManifest.xml:14:41-15:40
40            android:name="com.powerfinance.app.view.DashboardActivity"
40-->src\main\AndroidManifest.xml:14:51-89
41            android:exported="false" />
41-->src\main\AndroidManifest.xml:15:13-37
42        <activity
42-->src\main\AndroidManifest.xml:17:9-18:39
43            android:name="com.powerfinance.app.view.LoginActivity"
43-->src\main\AndroidManifest.xml:17:19-53
44            android:exported="true" />
44-->src\main\AndroidManifest.xml:18:13-36
45        <activity
45-->src\main\AndroidManifest.xml:20:9-26:20
46            android:name="com.powerfinance.app.view.WelcomeActivity"
46-->src\main\AndroidManifest.xml:21:13-49
47            android:exported="true" >
47-->src\main\AndroidManifest.xml:22:13-36
48            <intent-filter>
48-->src\main\AndroidManifest.xml:22:38-25:29
49                <action android:name="android.intent.action.MAIN" />
49-->src\main\AndroidManifest.xml:23:17-69
49-->src\main\AndroidManifest.xml:23:25-66
50
51                <category android:name="android.intent.category.LAUNCHER" />
51-->src\main\AndroidManifest.xml:24:17-77
51-->src\main\AndroidManifest.xml:24:27-74
52            </intent-filter>
53        </activity>
54        <activity android:name="com.powerfinance.app.view.ForgotPasswordActivity" />
54-->src\main\AndroidManifest.xml:28:1-57
54-->src\main\AndroidManifest.xml:28:11-54
55        <activity android:name="com.powerfinance.app.view.ExpenseActivity" />
55-->src\main\AndroidManifest.xml:30:1-50
55-->src\main\AndroidManifest.xml:30:11-47
56        <activity
56-->src\main\AndroidManifest.xml:32:9-33:39
57            android:name="com.powerfinance.app.MainActivity"
57-->src\main\AndroidManifest.xml:32:19-47
58            android:exported="true" />
58-->src\main\AndroidManifest.xml:33:13-36
59
60        <property
60-->[com.google.android.gms:play-services-measurement-api:22.0.1] AndroidManifest.xml:30:9-32:61
61            android:name="android.adservices.AD_SERVICES_CONFIG"
61-->[com.google.android.gms:play-services-measurement-api:22.0.1] AndroidManifest.xml:31:13-65
62            android:resource="@xml/ga_ad_services_config" />
62-->[com.google.android.gms:play-services-measurement-api:22.0.1] AndroidManifest.xml:32:13-58
63
64        <service
64-->[com.google.android.gms:play-services-measurement-api:22.0.1] AndroidManifest.xml:34:9-40:19
65            android:name="com.google.firebase.components.ComponentDiscoveryService"
65-->[com.google.android.gms:play-services-measurement-api:22.0.1] AndroidManifest.xml:35:13-84
66            android:directBootAware="true"
66-->[com.google.firebase:firebase-common:21.0.0] AndroidManifest.xml:32:13-43
67            android:exported="false" >
67-->[com.google.android.gms:play-services-measurement-api:22.0.1] AndroidManifest.xml:36:13-37
68            <meta-data
68-->[com.google.android.gms:play-services-measurement-api:22.0.1] AndroidManifest.xml:37:13-39:85
69                android:name="com.google.firebase.components:com.google.firebase.analytics.connector.internal.AnalyticsConnectorRegistrar"
69-->[com.google.android.gms:play-services-measurement-api:22.0.1] AndroidManifest.xml:38:17-139
70                android:value="com.google.firebase.components.ComponentRegistrar" />
70-->[com.google.android.gms:play-services-measurement-api:22.0.1] AndroidManifest.xml:39:17-82
71            <meta-data
71-->[com.google.firebase:firebase-installations:18.0.0] AndroidManifest.xml:15:13-17:85
72                android:name="com.google.firebase.components:com.google.firebase.installations.FirebaseInstallationsKtxRegistrar"
72-->[com.google.firebase:firebase-installations:18.0.0] AndroidManifest.xml:16:17-130
73                android:value="com.google.firebase.components.ComponentRegistrar" />
73-->[com.google.firebase:firebase-installations:18.0.0] AndroidManifest.xml:17:17-82
74            <meta-data
74-->[com.google.firebase:firebase-installations:18.0.0] AndroidManifest.xml:18:13-20:85
75                android:name="com.google.firebase.components:com.google.firebase.installations.FirebaseInstallationsRegistrar"
75-->[com.google.firebase:firebase-installations:18.0.0] AndroidManifest.xml:19:17-127
76                android:value="com.google.firebase.components.ComponentRegistrar" />
76-->[com.google.firebase:firebase-installations:18.0.0] AndroidManifest.xml:20:17-82
77            <meta-data
77-->[com.google.firebase:firebase-common-ktx:21.0.0] AndroidManifest.xml:12:13-14:85
78                android:name="com.google.firebase.components:com.google.firebase.ktx.FirebaseCommonLegacyRegistrar"
78-->[com.google.firebase:firebase-common-ktx:21.0.0] AndroidManifest.xml:13:17-116
79                android:value="com.google.firebase.components.ComponentRegistrar" />
79-->[com.google.firebase:firebase-common-ktx:21.0.0] AndroidManifest.xml:14:17-82
80            <meta-data
80-->[com.google.firebase:firebase-common:21.0.0] AndroidManifest.xml:35:13-37:85
81                android:name="com.google.firebase.components:com.google.firebase.FirebaseCommonKtxRegistrar"
81-->[com.google.firebase:firebase-common:21.0.0] AndroidManifest.xml:36:17-109
82                android:value="com.google.firebase.components.ComponentRegistrar" />
82-->[com.google.firebase:firebase-common:21.0.0] AndroidManifest.xml:37:17-82
83        </service>
84
85        <provider
85-->[com.google.firebase:firebase-common:21.0.0] AndroidManifest.xml:23:9-28:39
86            android:name="com.google.firebase.provider.FirebaseInitProvider"
86-->[com.google.firebase:firebase-common:21.0.0] AndroidManifest.xml:24:13-77
87            android:authorities="com.powerfinance.app.firebaseinitprovider"
87-->[com.google.firebase:firebase-common:21.0.0] AndroidManifest.xml:25:13-72
88            android:directBootAware="true"
88-->[com.google.firebase:firebase-common:21.0.0] AndroidManifest.xml:26:13-43
89            android:exported="false"
89-->[com.google.firebase:firebase-common:21.0.0] AndroidManifest.xml:27:13-37
90            android:initOrder="100" />
90-->[com.google.firebase:firebase-common:21.0.0] AndroidManifest.xml:28:13-36
91
92        <receiver
92-->[com.google.android.gms:play-services-measurement:22.0.1] AndroidManifest.xml:29:9-33:20
93            android:name="com.google.android.gms.measurement.AppMeasurementReceiver"
93-->[com.google.android.gms:play-services-measurement:22.0.1] AndroidManifest.xml:30:13-85
94            android:enabled="true"
94-->[com.google.android.gms:play-services-measurement:22.0.1] AndroidManifest.xml:31:13-35
95            android:exported="false" >
95-->[com.google.android.gms:play-services-measurement:22.0.1] AndroidManifest.xml:32:13-37
96        </receiver>
97
98        <service
98-->[com.google.android.gms:play-services-measurement:22.0.1] AndroidManifest.xml:35:9-38:40
99            android:name="com.google.android.gms.measurement.AppMeasurementService"
99-->[com.google.android.gms:play-services-measurement:22.0.1] AndroidManifest.xml:36:13-84
100            android:enabled="true"
100-->[com.google.android.gms:play-services-measurement:22.0.1] AndroidManifest.xml:37:13-35
101            android:exported="false" />
101-->[com.google.android.gms:play-services-measurement:22.0.1] AndroidManifest.xml:38:13-37
102        <service
102-->[com.google.android.gms:play-services-measurement:22.0.1] AndroidManifest.xml:39:9-43:72
103            android:name="com.google.android.gms.measurement.AppMeasurementJobService"
103-->[com.google.android.gms:play-services-measurement:22.0.1] AndroidManifest.xml:40:13-87
104            android:enabled="true"
104-->[com.google.android.gms:play-services-measurement:22.0.1] AndroidManifest.xml:41:13-35
105            android:exported="false"
105-->[com.google.android.gms:play-services-measurement:22.0.1] AndroidManifest.xml:42:13-37
106            android:permission="android.permission.BIND_JOB_SERVICE" />
106-->[com.google.android.gms:play-services-measurement:22.0.1] AndroidManifest.xml:43:13-69
107
108        <uses-library
108-->[androidx.privacysandbox.ads:ads-adservices:1.0.0-beta05] AndroidManifest.xml:23:9-25:40
109            android:name="android.ext.adservices"
109-->[androidx.privacysandbox.ads:ads-adservices:1.0.0-beta05] AndroidManifest.xml:24:13-50
110            android:required="false" />
110-->[androidx.privacysandbox.ads:ads-adservices:1.0.0-beta05] AndroidManifest.xml:25:13-37
111
112        <provider
112-->[androidx.emoji2:emoji2:1.3.0] AndroidManifest.xml:24:9-32:20
113            android:name="androidx.startup.InitializationProvider"
113-->[androidx.emoji2:emoji2:1.3.0] AndroidManifest.xml:25:13-67
114            android:authorities="com.powerfinance.app.androidx-startup"
114-->[androidx.emoji2:emoji2:1.3.0] AndroidManifest.xml:26:13-68
115            android:exported="false" >
115-->[androidx.emoji2:emoji2:1.3.0] AndroidManifest.xml:27:13-37
116            <meta-data
116-->[androidx.emoji2:emoji2:1.3.0] AndroidManifest.xml:29:13-31:52
117                android:name="androidx.emoji2.text.EmojiCompatInitializer"
117-->[androidx.emoji2:emoji2:1.3.0] AndroidManifest.xml:30:17-75
118                android:value="androidx.startup" />
118-->[androidx.emoji2:emoji2:1.3.0] AndroidManifest.xml:31:17-49
119            <meta-data
119-->[androidx.lifecycle:lifecycle-process:2.6.2] AndroidManifest.xml:29:13-31:52
120                android:name="androidx.lifecycle.ProcessLifecycleInitializer"
120-->[androidx.lifecycle:lifecycle-process:2.6.2] AndroidManifest.xml:30:17-78
121                android:value="androidx.startup" />
121-->[androidx.lifecycle:lifecycle-process:2.6.2] AndroidManifest.xml:31:17-49
122            <meta-data
122-->[androidx.profileinstaller:profileinstaller:1.3.1] AndroidManifest.xml:29:13-31:52
123                android:name="androidx.profileinstaller.ProfileInstallerInitializer"
123-->[androidx.profileinstaller:profileinstaller:1.3.1] AndroidManifest.xml:30:17-85
124                android:value="androidx.startup" />
124-->[androidx.profileinstaller:profileinstaller:1.3.1] AndroidManifest.xml:31:17-49
125        </provider>
126
127        <meta-data
127-->[com.google.android.gms:play-services-basement:18.3.0] AndroidManifest.xml:21:9-23:69
128            android:name="com.google.android.gms.version"
128-->[com.google.android.gms:play-services-basement:18.3.0] AndroidManifest.xml:22:13-58
129            android:value="@integer/google_play_services_version" />
129-->[com.google.android.gms:play-services-basement:18.3.0] AndroidManifest.xml:23:13-66
130
131        <receiver
131-->[androidx.profileinstaller:profileinstaller:1.3.1] AndroidManifest.xml:34:9-52:20
132            android:name="androidx.profileinstaller.ProfileInstallReceiver"
132-->[androidx.profileinstaller:profileinstaller:1.3.1] AndroidManifest.xml:35:13-76
133            android:directBootAware="false"
133-->[androidx.profileinstaller:profileinstaller:1.3.1] AndroidManifest.xml:36:13-44
134            android:enabled="true"
134-->[androidx.profileinstaller:profileinstaller:1.3.1] AndroidManifest.xml:37:13-35
135            android:exported="true"
135-->[androidx.profileinstaller:profileinstaller:1.3.1] AndroidManifest.xml:38:13-36
136            android:permission="android.permission.DUMP" >
136-->[androidx.profileinstaller:profileinstaller:1.3.1] AndroidManifest.xml:39:13-57
137            <intent-filter>
137-->[androidx.profileinstaller:profileinstaller:1.3.1] AndroidManifest.xml:40:13-42:29
138                <action android:name="androidx.profileinstaller.action.INSTALL_PROFILE" />
138-->[androidx.profileinstaller:profileinstaller:1.3.1] AndroidManifest.xml:41:17-91
138-->[androidx.profileinstaller:profileinstaller:1.3.1] AndroidManifest.xml:41:25-88
139            </intent-filter>
140            <intent-filter>
140-->[androidx.profileinstaller:profileinstaller:1.3.1] AndroidManifest.xml:43:13-45:29
141                <action android:name="androidx.profileinstaller.action.SKIP_FILE" />
141-->[androidx.profileinstaller:profileinstaller:1.3.1] AndroidManifest.xml:44:17-85
141-->[androidx.profileinstaller:profileinstaller:1.3.1] AndroidManifest.xml:44:25-82
142            </intent-filter>
143            <intent-filter>
143-->[androidx.profileinstaller:profileinstaller:1.3.1] AndroidManifest.xml:46:13-48:29
144                <action android:name="androidx.profileinstaller.action.SAVE_PROFILE" />
144-->[androidx.profileinstaller:profileinstaller:1.3.1] AndroidManifest.xml:47:17-88
144-->[androidx.profileinstaller:profileinstaller:1.3.1] AndroidManifest.xml:47:25-85
145            </intent-filter>
146            <intent-filter>
146-->[androidx.profileinstaller:profileinstaller:1.3.1] AndroidManifest.xml:49:13-51:29
147                <action android:name="androidx.profileinstaller.action.BENCHMARK_OPERATION" />
147-->[androidx.profileinstaller:profileinstaller:1.3.1] AndroidManifest.xml:50:17-95
147-->[androidx.profileinstaller:profileinstaller:1.3.1] AndroidManifest.xml:50:25-92
148            </intent-filter>
149        </receiver>
150    </application>
151
152</manifest>